  Application.cpp
C:\Users\natha\source\repos\Broccoli\Broccoli\src\Broccoli\Platform\Vulkan\VulkanDevice.h(19,24): error C3646: 'physicalDevice': unknown override specifier
C:\Users\natha\source\repos\Broccoli\Broccoli\src\Broccoli\Platform\Vulkan\VulkanDevice.h(19,38): error C4430: missing type specifier - int assumed. Note: C++ does not support default-int
C:\Users\natha\source\repos\Broccoli\Broccoli\src\Broccoli\Platform\Vulkan\VulkanDevice.h(20,23): error C3646: 'logicalDevice': unknown override specifier
C:\Users\natha\source\repos\Broccoli\Broccoli\src\Broccoli\Platform\Vulkan\VulkanDevice.h(20,36): error C4430: missing type specifier - int assumed. Note: C++ does not support default-int
C:\Users\natha\source\repos\Broccoli\Broccoli\src\Broccoli\Utilities\VulkanUtilities.hpp(34,46): error C2039: 'logicalDevice': is not a member of 'Broccoli::VulkanDeviceCollection'
C:\Users\natha\source\repos\Broccoli\Broccoli\src\Broccoli\Platform\Vulkan\VulkanDevice.h(18): message : see declaration of 'Broccoli::VulkanDeviceCollection'
C:\Users\natha\source\repos\Broccoli\Broccoli\src\Broccoli\Utilities\VulkanUtilities.hpp(35,55): error C2039: 'physicalDevice': is not a member of 'Broccoli::VulkanDeviceCollection'
C:\Users\natha\source\repos\Broccoli\Broccoli\src\Broccoli\Platform\Vulkan\VulkanDevice.h(18): message : see declaration of 'Broccoli::VulkanDeviceCollection'
C:\Users\natha\source\repos\Broccoli\Broccoli\src\Broccoli\Utilities\VulkanUtilities.hpp(70,37): error C3861: 'findMemoryTypeIndex': identifier not found
C:\Users\natha\source\repos\Broccoli\Broccoli\src\Broccoli\Platform\Vulkan\VulkanSwapchain.h(67,58): error C2039: 'logicalDevice': is not a member of 'Broccoli::VulkanDeviceCollection'
C:\Users\natha\source\repos\Broccoli\Broccoli\src\Broccoli\Platform\Vulkan\VulkanDevice.h(18): message : see declaration of 'Broccoli::VulkanDeviceCollection'
C:\Users\natha\source\repos\Broccoli\Broccoli\src\Broccoli\Platform\Vulkan\VulkanSwapchain.h(68,67): error C2039: 'physicalDevice': is not a member of 'Broccoli::VulkanDeviceCollection'
C:\Users\natha\source\repos\Broccoli\Broccoli\src\Broccoli\Platform\Vulkan\VulkanDevice.h(18): message : see declaration of 'Broccoli::VulkanDeviceCollection'
C:\Users\natha\source\repos\Broccoli\Broccoli\src\Broccoli\Core\Application.cpp(59,15): warning C4244: 'initializing': conversion from 'double' to 'float', possible loss of data
  Camera.cpp
C:\Users\natha\source\repos\Broccoli\Broccoli\src\Broccoli\Platform\Vulkan\VulkanDevice.h(19,24): error C3646: 'physicalDevice': unknown override specifier
C:\Users\natha\source\repos\Broccoli\Broccoli\src\Broccoli\Platform\Vulkan\VulkanDevice.h(19,38): error C4430: missing type specifier - int assumed. Note: C++ does not support default-int
C:\Users\natha\source\repos\Broccoli\Broccoli\src\Broccoli\Platform\Vulkan\VulkanDevice.h(20,23): error C3646: 'logicalDevice': unknown override specifier
C:\Users\natha\source\repos\Broccoli\Broccoli\src\Broccoli\Platform\Vulkan\VulkanDevice.h(20,36): error C4430: missing type specifier - int assumed. Note: C++ does not support default-int
C:\Users\natha\source\repos\Broccoli\Broccoli\src\Broccoli\Utilities\VulkanUtilities.hpp(34,46): error C2039: 'logicalDevice': is not a member of 'Broccoli::VulkanDeviceCollection'
C:\Users\natha\source\repos\Broccoli\Broccoli\src\Broccoli\Platform\Vulkan\VulkanDevice.h(18): message : see declaration of 'Broccoli::VulkanDeviceCollection'
C:\Users\natha\source\repos\Broccoli\Broccoli\src\Broccoli\Utilities\VulkanUtilities.hpp(35,55): error C2039: 'physicalDevice': is not a member of 'Broccoli::VulkanDeviceCollection'
C:\Users\natha\source\repos\Broccoli\Broccoli\src\Broccoli\Platform\Vulkan\VulkanDevice.h(18): message : see declaration of 'Broccoli::VulkanDeviceCollection'
C:\Users\natha\source\repos\Broccoli\Broccoli\src\Broccoli\Utilities\VulkanUtilities.hpp(70,37): error C3861: 'findMemoryTypeIndex': identifier not found
C:\Users\natha\source\repos\Broccoli\Broccoli\src\Broccoli\Platform\Vulkan\VulkanSwapchain.h(67,58): error C2039: 'logicalDevice': is not a member of 'Broccoli::VulkanDeviceCollection'
C:\Users\natha\source\repos\Broccoli\Broccoli\src\Broccoli\Platform\Vulkan\VulkanDevice.h(18): message : see declaration of 'Broccoli::VulkanDeviceCollection'
C:\Users\natha\source\repos\Broccoli\Broccoli\src\Broccoli\Platform\Vulkan\VulkanSwapchain.h(68,67): error C2039: 'physicalDevice': is not a member of 'Broccoli::VulkanDeviceCollection'
C:\Users\natha\source\repos\Broccoli\Broccoli\src\Broccoli\Platform\Vulkan\VulkanDevice.h(18): message : see declaration of 'Broccoli::VulkanDeviceCollection'
  Window.cpp
C:\Users\natha\source\repos\Broccoli\Broccoli\src\Broccoli\Platform\Vulkan\VulkanDevice.h(19,24): error C3646: 'physicalDevice': unknown override specifier
C:\Users\natha\source\repos\Broccoli\Broccoli\src\Broccoli\Platform\Vulkan\VulkanDevice.h(19,38): error C4430: missing type specifier - int assumed. Note: C++ does not support default-int
C:\Users\natha\source\repos\Broccoli\Broccoli\src\Broccoli\Platform\Vulkan\VulkanDevice.h(20,23): error C3646: 'logicalDevice': unknown override specifier
C:\Users\natha\source\repos\Broccoli\Broccoli\src\Broccoli\Platform\Vulkan\VulkanDevice.h(20,36): error C4430: missing type specifier - int assumed. Note: C++ does not support default-int
C:\Users\natha\source\repos\Broccoli\Broccoli\src\Broccoli\Utilities\VulkanUtilities.hpp(34,46): error C2039: 'logicalDevice': is not a member of 'Broccoli::VulkanDeviceCollection'
C:\Users\natha\source\repos\Broccoli\Broccoli\src\Broccoli\Platform\Vulkan\VulkanDevice.h(18): message : see declaration of 'Broccoli::VulkanDeviceCollection'
C:\Users\natha\source\repos\Broccoli\Broccoli\src\Broccoli\Utilities\VulkanUtilities.hpp(35,55): error C2039: 'physicalDevice': is not a member of 'Broccoli::VulkanDeviceCollection'
C:\Users\natha\source\repos\Broccoli\Broccoli\src\Broccoli\Platform\Vulkan\VulkanDevice.h(18): message : see declaration of 'Broccoli::VulkanDeviceCollection'
C:\Users\natha\source\repos\Broccoli\Broccoli\src\Broccoli\Utilities\VulkanUtilities.hpp(70,37): error C3861: 'findMemoryTypeIndex': identifier not found
C:\Users\natha\source\repos\Broccoli\Broccoli\src\Broccoli\Platform\Vulkan\VulkanSwapchain.h(67,58): error C2039: 'logicalDevice': is not a member of 'Broccoli::VulkanDeviceCollection'
C:\Users\natha\source\repos\Broccoli\Broccoli\src\Broccoli\Platform\Vulkan\VulkanDevice.h(18): message : see declaration of 'Broccoli::VulkanDeviceCollection'
C:\Users\natha\source\repos\Broccoli\Broccoli\src\Broccoli\Platform\Vulkan\VulkanSwapchain.h(68,67): error C2039: 'physicalDevice': is not a member of 'Broccoli::VulkanDeviceCollection'
C:\Users\natha\source\repos\Broccoli\Broccoli\src\Broccoli\Platform\Vulkan\VulkanDevice.h(18): message : see declaration of 'Broccoli::VulkanDeviceCollection'
C:\Users\natha\source\repos\Broccoli\Broccoli\src\Broccoli\Core\Window.cpp(49,92): error C2039: 'getLogicalDevice': is not a member of 'Broccoli::VulkanContext'
C:\Users\natha\source\repos\Broccoli\Broccoli\src\Broccoli\Platform\Vulkan\VulkanContext.h(18): message : see declaration of 'Broccoli::VulkanContext'
C:\Users\natha\source\repos\Broccoli\Broccoli\src\Broccoli\Core\Window.cpp(49,139): error C2660: 'Broccoli::VulkanSwapchain::init': function does not take 2 arguments
C:\Users\natha\source\repos\Broccoli\Broccoli\src\Broccoli\Platform\Vulkan\VulkanSwapchain.h(38,8): message : see declaration of 'Broccoli::VulkanSwapchain::init'
C:\Users\natha\source\repos\Broccoli\Broccoli\src\Broccoli\Core\Window.cpp(113,23): warning C4244: '=': conversion from 'double' to 'float', possible loss of data
C:\Users\natha\source\repos\Broccoli\Broccoli\src\Broccoli\Core\Window.cpp(114,23): warning C4244: '=': conversion from 'double' to 'float', possible loss of data
C:\Users\natha\source\repos\Broccoli\Broccoli\src\Broccoli\Core\Window.cpp(117,29): warning C4244: '=': conversion from 'double' to 'float', possible loss of data
C:\Users\natha\source\repos\Broccoli\Broccoli\src\Broccoli\Core\Window.cpp(118,41): warning C4244: '=': conversion from 'double' to 'float', possible loss of data
C:\Users\natha\source\repos\Broccoli\Broccoli\src\Broccoli\Core\Window.cpp(120,22): warning C4244: '=': conversion from 'double' to 'float', possible loss of data
C:\Users\natha\source\repos\Broccoli\Broccoli\src\Broccoli\Core\Window.cpp(121,22): warning C4244: '=': conversion from 'double' to 'float', possible loss of data
  EntryPoint.cpp
C:\Users\natha\source\repos\Broccoli\Broccoli\src\Broccoli\Platform\Vulkan\VulkanDevice.h(19,24): error C3646: 'physicalDevice': unknown override specifier
C:\Users\natha\source\repos\Broccoli\Broccoli\src\Broccoli\Platform\Vulkan\VulkanDevice.h(19,38): error C4430: missing type specifier - int assumed. Note: C++ does not support default-int
C:\Users\natha\source\repos\Broccoli\Broccoli\src\Broccoli\Platform\Vulkan\VulkanDevice.h(20,23): error C3646: 'logicalDevice': unknown override specifier
C:\Users\natha\source\repos\Broccoli\Broccoli\src\Broccoli\Platform\Vulkan\VulkanDevice.h(20,36): error C4430: missing type specifier - int assumed. Note: C++ does not support default-int
C:\Users\natha\source\repos\Broccoli\Broccoli\src\Broccoli\Utilities\VulkanUtilities.hpp(34,46): error C2039: 'logicalDevice': is not a member of 'Broccoli::VulkanDeviceCollection'
C:\Users\natha\source\repos\Broccoli\Broccoli\src\Broccoli\Platform\Vulkan\VulkanDevice.h(18): message : see declaration of 'Broccoli::VulkanDeviceCollection'
C:\Users\natha\source\repos\Broccoli\Broccoli\src\Broccoli\Utilities\VulkanUtilities.hpp(35,55): error C2039: 'physicalDevice': is not a member of 'Broccoli::VulkanDeviceCollection'
C:\Users\natha\source\repos\Broccoli\Broccoli\src\Broccoli\Platform\Vulkan\VulkanDevice.h(18): message : see declaration of 'Broccoli::VulkanDeviceCollection'
C:\Users\natha\source\repos\Broccoli\Broccoli\src\Broccoli\Utilities\VulkanUtilities.hpp(70,37): error C3861: 'findMemoryTypeIndex': identifier not found
C:\Users\natha\source\repos\Broccoli\Broccoli\src\Broccoli\Platform\Vulkan\VulkanSwapchain.h(67,58): error C2039: 'logicalDevice': is not a member of 'Broccoli::VulkanDeviceCollection'
C:\Users\natha\source\repos\Broccoli\Broccoli\src\Broccoli\Platform\Vulkan\VulkanDevice.h(18): message : see declaration of 'Broccoli::VulkanDeviceCollection'
C:\Users\natha\source\repos\Broccoli\Broccoli\src\Broccoli\Platform\Vulkan\VulkanSwapchain.h(68,67): error C2039: 'physicalDevice': is not a member of 'Broccoli::VulkanDeviceCollection'
C:\Users\natha\source\repos\Broccoli\Broccoli\src\Broccoli\Platform\Vulkan\VulkanDevice.h(18): message : see declaration of 'Broccoli::VulkanDeviceCollection'
  VulkanContext.cpp
C:\Users\natha\source\repos\Broccoli\Broccoli\src\Broccoli\Utilities\VulkanUtilities.hpp(32,29): error C2065: 'VulkanDeviceCollection': undeclared identifier
C:\Users\natha\source\repos\Broccoli\Broccoli\src\Broccoli\Utilities\VulkanUtilities.hpp(32,53): error C2065: 'deviceCollection': undeclared identifier
C:\Users\natha\source\repos\Broccoli\Broccoli\src\Broccoli\Utilities\VulkanUtilities.hpp(32,71): error C2275: 'uint32_t': illegal use of this type as an expression
C:\Program Files (x86)\Microsoft Visual Studio\2019\Enterprise\VC\Tools\MSVC\14.29.30037\include\stdint.h(24): message : see declaration of 'uint32_t'
C:\Users\natha\source\repos\Broccoli\Broccoli\src\Broccoli\Utilities\VulkanUtilities.hpp(32,80): error C2146: syntax error: missing ')' before identifier 'width'
C:\Users\natha\source\repos\Broccoli\Broccoli\src\Broccoli\Utilities\VulkanUtilities.hpp(33,2): error C2143: syntax error: missing ';' before '{'
C:\Users\natha\source\repos\Broccoli\Broccoli\src\Broccoli\Utilities\VulkanUtilities.hpp(33,2): error C2447: '{': missing function header (old-style formal list?)
C:\Users\natha\source\repos\Broccoli\Broccoli\src\Broccoli\Utilities\VulkanUtilities.hpp(102,9): error C2039: 'cout': is not a member of 'std'
C:\Program Files (x86)\Microsoft Visual Studio\2019\Enterprise\VC\Tools\MSVC\14.29.30037\include\stdexcept(20): message : see declaration of 'std'
C:\Users\natha\source\repos\Broccoli\Broccoli\src\Broccoli\Utilities\VulkanUtilities.hpp(102,14): error C2065: 'cout': undeclared identifier
C:\Users\natha\source\repos\Broccoli\Broccoli\src\Broccoli\Platform\Vulkan\VulkanDevice.h(19,24): error C3646: 'physicalDevice': unknown override specifier
C:\Users\natha\source\repos\Broccoli\Broccoli\src\Broccoli\Platform\Vulkan\VulkanDevice.h(19,38): error C4430: missing type specifier - int assumed. Note: C++ does not support default-int
C:\Users\natha\source\repos\Broccoli\Broccoli\src\Broccoli\Platform\Vulkan\VulkanDevice.h(20,23): error C3646: 'logicalDevice': unknown override specifier
C:\Users\natha\source\repos\Broccoli\Broccoli\src\Broccoli\Platform\Vulkan\VulkanDevice.h(20,36): error C4430: missing type specifier - int assumed. Note: C++ does not support default-int
C:\Users\natha\source\repos\Broccoli\Broccoli\src\Broccoli\Platform\Vulkan\VulkanContext.cpp(15,3): error C2065: 'logicalDevice': undeclared identifier
C:\Users\natha\source\repos\Broccoli\Broccoli\src\Broccoli\Platform\Vulkan\VulkanContext.cpp(101,20): error C2039: 'physicalDevice': is not a member of 'Broccoli::VulkanDeviceCollection'
C:\Users\natha\source\repos\Broccoli\Broccoli\src\Broccoli\Platform\Vulkan\VulkanDevice.h(18): message : see declaration of 'Broccoli::VulkanDeviceCollection'
C:\Users\natha\source\repos\Broccoli\Broccoli\src\Broccoli\Platform\Vulkan\VulkanContext.cpp(102,20): error C2039: 'logicalDevice': is not a member of 'Broccoli::VulkanDeviceCollection'
C:\Users\natha\source\repos\Broccoli\Broccoli\src\Broccoli\Platform\Vulkan\VulkanDevice.h(18): message : see declaration of 'Broccoli::VulkanDeviceCollection'
C:\Users\natha\source\repos\Broccoli\Broccoli\src\Broccoli\Platform\Vulkan\VulkanContext.cpp(102,86): error C2039: 'physicalDevice': is not a member of 'Broccoli::VulkanDeviceCollection'
C:\Users\natha\source\repos\Broccoli\Broccoli\src\Broccoli\Platform\Vulkan\VulkanDevice.h(18): message : see declaration of 'Broccoli::VulkanDeviceCollection'
C:\Users\natha\source\repos\Broccoli\Broccoli\src\Broccoli\Platform\Vulkan\VulkanContext.cpp(102,62): error C2672: 'Broccoli::Ref<Broccoli::VulkanLogicalDevice>::create': no matching overloaded function found
  VulkanDevice.cpp
C:\Users\natha\source\repos\Broccoli\Broccoli\src\Broccoli\Utilities\VulkanUtilities.hpp(32,29): error C2065: 'VulkanDeviceCollection': undeclared identifier
C:\Users\natha\source\repos\Broccoli\Broccoli\src\Broccoli\Utilities\VulkanUtilities.hpp(32,53): error C2065: 'deviceCollection': undeclared identifier
C:\Users\natha\source\repos\Broccoli\Broccoli\src\Broccoli\Utilities\VulkanUtilities.hpp(32,71): error C2275: 'uint32_t': illegal use of this type as an expression
C:\Program Files (x86)\Microsoft Visual Studio\2019\Enterprise\VC\Tools\MSVC\14.29.30037\include\stdint.h(24): message : see declaration of 'uint32_t'
C:\Users\natha\source\repos\Broccoli\Broccoli\src\Broccoli\Utilities\VulkanUtilities.hpp(32,80): error C2146: syntax error: missing ')' before identifier 'width'
C:\Users\natha\source\repos\Broccoli\Broccoli\src\Broccoli\Utilities\VulkanUtilities.hpp(33,2): error C2143: syntax error: missing ';' before '{'
C:\Users\natha\source\repos\Broccoli\Broccoli\src\Broccoli\Utilities\VulkanUtilities.hpp(33,2): error C2447: '{': missing function header (old-style formal list?)
C:\Users\natha\source\repos\Broccoli\Broccoli\src\Broccoli\Utilities\VulkanUtilities.hpp(102,9): error C2039: 'cout': is not a member of 'std'
C:\Program Files (x86)\Microsoft Visual Studio\2019\Enterprise\VC\Tools\MSVC\14.29.30037\include\stdexcept(20): message : see declaration of 'std'
C:\Users\natha\source\repos\Broccoli\Broccoli\src\Broccoli\Utilities\VulkanUtilities.hpp(102,14): error C2065: 'cout': undeclared identifier
C:\Users\natha\source\repos\Broccoli\Broccoli\src\Broccoli\Platform\Vulkan\VulkanDevice.h(19,24): error C3646: 'physicalDevice': unknown override specifier
C:\Users\natha\source\repos\Broccoli\Broccoli\src\Broccoli\Platform\Vulkan\VulkanDevice.h(19,38): error C4430: missing type specifier - int assumed. Note: C++ does not support default-int
C:\Users\natha\source\repos\Broccoli\Broccoli\src\Broccoli\Platform\Vulkan\VulkanDevice.h(20,23): error C3646: 'logicalDevice': unknown override specifier
C:\Users\natha\source\repos\Broccoli\Broccoli\src\Broccoli\Platform\Vulkan\VulkanDevice.h(20,36): error C4430: missing type specifier - int assumed. Note: C++ does not support default-int
C:\Users\natha\source\repos\Broccoli\Broccoli\src\Broccoli\Platform\Vulkan\VulkanDevice.cpp(120,61): warning C4805: '==': unsafe mix of type 'VkBool32' and type 'bool' in operation
  VulkanFramebuffer.cpp
C:\Users\natha\source\repos\Broccoli\Broccoli\src\Broccoli\Utilities\VulkanUtilities.hpp(32,29): error C2065: 'VulkanDeviceCollection': undeclared identifier
C:\Users\natha\source\repos\Broccoli\Broccoli\src\Broccoli\Utilities\VulkanUtilities.hpp(32,53): error C2065: 'deviceCollection': undeclared identifier
C:\Users\natha\source\repos\Broccoli\Broccoli\src\Broccoli\Utilities\VulkanUtilities.hpp(32,71): error C2275: 'uint32_t': illegal use of this type as an expression
C:\Program Files (x86)\Microsoft Visual Studio\2019\Enterprise\VC\Tools\MSVC\14.29.30037\include\stdint.h(24): message : see declaration of 'uint32_t'
C:\Users\natha\source\repos\Broccoli\Broccoli\src\Broccoli\Utilities\VulkanUtilities.hpp(32,80): error C2146: syntax error: missing ')' before identifier 'width'
C:\Users\natha\source\repos\Broccoli\Broccoli\src\Broccoli\Utilities\VulkanUtilities.hpp(33,2): error C2143: syntax error: missing ';' before '{'
C:\Users\natha\source\repos\Broccoli\Broccoli\src\Broccoli\Utilities\VulkanUtilities.hpp(33,2): error C2447: '{': missing function header (old-style formal list?)
C:\Users\natha\source\repos\Broccoli\Broccoli\src\Broccoli\Utilities\VulkanUtilities.hpp(102,9): error C2039: 'cout': is not a member of 'std'
C:\Program Files (x86)\Microsoft Visual Studio\2019\Enterprise\VC\Tools\MSVC\14.29.30037\include\stdexcept(20): message : see declaration of 'std'
C:\Users\natha\source\repos\Broccoli\Broccoli\src\Broccoli\Utilities\VulkanUtilities.hpp(102,14): error C2065: 'cout': undeclared identifier
C:\Users\natha\source\repos\Broccoli\Broccoli\src\Broccoli\Platform\Vulkan\VulkanDevice.h(19,24): error C3646: 'physicalDevice': unknown override specifier
C:\Users\natha\source\repos\Broccoli\Broccoli\src\Broccoli\Platform\Vulkan\VulkanDevice.h(19,38): error C4430: missing type specifier - int assumed. Note: C++ does not support default-int
C:\Users\natha\source\repos\Broccoli\Broccoli\src\Broccoli\Platform\Vulkan\VulkanDevice.h(20,23): error C3646: 'logicalDevice': unknown override specifier
C:\Users\natha\source\repos\Broccoli\Broccoli\src\Broccoli\Platform\Vulkan\VulkanDevice.h(20,36): error C4430: missing type specifier - int assumed. Note: C++ does not support default-int
  VulkanRenderpass.cpp
C:\Users\natha\source\repos\Broccoli\Broccoli\src\Broccoli\Utilities\VulkanUtilities.hpp(32,29): error C2065: 'VulkanDeviceCollection': undeclared identifier
C:\Users\natha\source\repos\Broccoli\Broccoli\src\Broccoli\Utilities\VulkanUtilities.hpp(32,53): error C2065: 'deviceCollection': undeclared identifier
C:\Users\natha\source\repos\Broccoli\Broccoli\src\Broccoli\Utilities\VulkanUtilities.hpp(32,71): error C2275: 'uint32_t': illegal use of this type as an expression
C:\Program Files (x86)\Microsoft Visual Studio\2019\Enterprise\VC\Tools\MSVC\14.29.30037\include\stdint.h(24): message : see declaration of 'uint32_t'
C:\Users\natha\source\repos\Broccoli\Broccoli\src\Broccoli\Utilities\VulkanUtilities.hpp(32,80): error C2146: syntax error: missing ')' before identifier 'width'
C:\Users\natha\source\repos\Broccoli\Broccoli\src\Broccoli\Utilities\VulkanUtilities.hpp(33,2): error C2143: syntax error: missing ';' before '{'
C:\Users\natha\source\repos\Broccoli\Broccoli\src\Broccoli\Utilities\VulkanUtilities.hpp(33,2): error C2447: '{': missing function header (old-style formal list?)
C:\Users\natha\source\repos\Broccoli\Broccoli\src\Broccoli\Utilities\VulkanUtilities.hpp(102,9): error C2039: 'cout': is not a member of 'std'
C:\Program Files (x86)\Microsoft Visual Studio\2019\Enterprise\VC\Tools\MSVC\14.29.30037\include\stdexcept(20): message : see declaration of 'std'
C:\Users\natha\source\repos\Broccoli\Broccoli\src\Broccoli\Utilities\VulkanUtilities.hpp(102,14): error C2065: 'cout': undeclared identifier
C:\Users\natha\source\repos\Broccoli\Broccoli\src\Broccoli\Platform\Vulkan\VulkanDevice.h(19,24): error C3646: 'physicalDevice': unknown override specifier
C:\Users\natha\source\repos\Broccoli\Broccoli\src\Broccoli\Platform\Vulkan\VulkanDevice.h(19,38): error C4430: missing type specifier - int assumed. Note: C++ does not support default-int
C:\Users\natha\source\repos\Broccoli\Broccoli\src\Broccoli\Platform\Vulkan\VulkanDevice.h(20,23): error C3646: 'logicalDevice': unknown override specifier
C:\Users\natha\source\repos\Broccoli\Broccoli\src\Broccoli\Platform\Vulkan\VulkanDevice.h(20,36): error C4430: missing type specifier - int assumed. Note: C++ does not support default-int
  VulkanSwapchain.cpp
C:\Users\natha\source\repos\Broccoli\Broccoli\src\Broccoli\Platform\Vulkan\VulkanDevice.h(19,24): error C3646: 'physicalDevice': unknown override specifier
C:\Users\natha\source\repos\Broccoli\Broccoli\src\Broccoli\Platform\Vulkan\VulkanDevice.h(19,38): error C4430: missing type specifier - int assumed. Note: C++ does not support default-int
C:\Users\natha\source\repos\Broccoli\Broccoli\src\Broccoli\Platform\Vulkan\VulkanDevice.h(20,23): error C3646: 'logicalDevice': unknown override specifier
C:\Users\natha\source\repos\Broccoli\Broccoli\src\Broccoli\Platform\Vulkan\VulkanDevice.h(20,36): error C4430: missing type specifier - int assumed. Note: C++ does not support default-int
C:\Users\natha\source\repos\Broccoli\Broccoli\src\Broccoli\Utilities\VulkanUtilities.hpp(34,46): error C2039: 'logicalDevice': is not a member of 'Broccoli::VulkanDeviceCollection'
C:\Users\natha\source\repos\Broccoli\Broccoli\src\Broccoli\Platform\Vulkan\VulkanDevice.h(18): message : see declaration of 'Broccoli::VulkanDeviceCollection'
C:\Users\natha\source\repos\Broccoli\Broccoli\src\Broccoli\Utilities\VulkanUtilities.hpp(35,55): error C2039: 'physicalDevice': is not a member of 'Broccoli::VulkanDeviceCollection'
C:\Users\natha\source\repos\Broccoli\Broccoli\src\Broccoli\Platform\Vulkan\VulkanDevice.h(18): message : see declaration of 'Broccoli::VulkanDeviceCollection'
C:\Users\natha\source\repos\Broccoli\Broccoli\src\Broccoli\Utilities\VulkanUtilities.hpp(70,37): error C3861: 'findMemoryTypeIndex': identifier not found
C:\Users\natha\source\repos\Broccoli\Broccoli\src\Broccoli\Platform\Vulkan\VulkanSwapchain.h(67,58): error C2039: 'logicalDevice': is not a member of 'Broccoli::VulkanDeviceCollection'
C:\Users\natha\source\repos\Broccoli\Broccoli\src\Broccoli\Platform\Vulkan\VulkanDevice.h(18): message : see declaration of 'Broccoli::VulkanDeviceCollection'
C:\Users\natha\source\repos\Broccoli\Broccoli\src\Broccoli\Platform\Vulkan\VulkanSwapchain.h(68,67): error C2039: 'physicalDevice': is not a member of 'Broccoli::VulkanDeviceCollection'
C:\Users\natha\source\repos\Broccoli\Broccoli\src\Broccoli\Platform\Vulkan\VulkanDevice.h(18): message : see declaration of 'Broccoli::VulkanDeviceCollection'
C:\Users\natha\source\repos\Broccoli\Broccoli\src\Broccoli\Platform\Vulkan\VulkanSwapchain.cpp(103,58): error C2039: 'physicalDevice': is not a member of 'Broccoli::VulkanDeviceCollection'
C:\Users\natha\source\repos\Broccoli\Broccoli\src\Broccoli\Platform\Vulkan\VulkanDevice.h(18): message : see declaration of 'Broccoli::VulkanDeviceCollection'
C:\Users\natha\source\repos\Broccoli\Broccoli\src\Broccoli\Platform\Vulkan\VulkanSwapchain.cpp(124,55): error C2039: 'logicalDevice': is not a member of 'Broccoli::VulkanDeviceCollection'
C:\Users\natha\source\repos\Broccoli\Broccoli\src\Broccoli\Platform\Vulkan\VulkanDevice.h(18): message : see declaration of 'Broccoli::VulkanDeviceCollection'
C:\Users\natha\source\repos\Broccoli\Broccoli\src\Broccoli\Platform\Vulkan\VulkanSwapchain.cpp(124,91): error C2664: 'Broccoli::VulkanRenderpass::VulkanRenderpass(const Broccoli::VulkanRenderpass &)': cannot convert argument 1 from 'VkFormat' to 'const Broccoli::VulkanRenderpass &'
C:\Users\natha\source\repos\Broccoli\Broccoli\src\Broccoli\Platform\Vulkan\VulkanSwapchain.cpp(124,91): message : Reason: cannot convert from 'VkFormat' to 'const Broccoli::VulkanRenderpass'
C:\Users\natha\source\repos\Broccoli\Broccoli\src\Broccoli\Platform\Vulkan\VulkanSwapchain.cpp(124,83): message : No user-defined-conversion operator available that can perform this conversion, or the operator cannot be called
C:\Users\natha\source\repos\Broccoli\Broccoli\src\Broccoli\Platform\Vulkan\VulkanRenderpass.h(25,2): message : see declaration of 'Broccoli::VulkanRenderpass::VulkanRenderpass'
C:\Users\natha\source\repos\Broccoli\Broccoli\src\Broccoli\Platform\Vulkan\VulkanSwapchain.cpp(280,122): error C2039: 'physicalDevice': is not a member of 'Broccoli::VulkanDeviceCollection'
C:\Users\natha\source\repos\Broccoli\Broccoli\src\Broccoli\Platform\Vulkan\VulkanDevice.h(18): message : see declaration of 'Broccoli::VulkanDeviceCollection'
C:\Users\natha\source\repos\Broccoli\Broccoli\src\Broccoli\Platform\Vulkan\VulkanSwapchain.cpp(280,24): error C2660: 'Broccoli::createImage': function does not take 9 arguments
C:\Users\natha\source\repos\Broccoli\Broccoli\src\Broccoli\Utilities\VulkanUtilities.hpp(32,17): message : see declaration of 'Broccoli::createImage'
C:\Users\natha\source\repos\Broccoli\Broccoli\src\Broccoli\Platform\Vulkan\VulkanSwapchain.cpp(288,82): error C2039: 'physicalDevice': is not a member of 'Broccoli::VulkanDeviceCollection'
C:\Users\natha\source\repos\Broccoli\Broccoli\src\Broccoli\Platform\Vulkan\VulkanDevice.h(18): message : see declaration of 'Broccoli::VulkanDeviceCollection'
C:\Users\natha\source\repos\Broccoli\Broccoli\src\Broccoli\Platform\Vulkan\VulkanSwapchain.cpp(288,141): error C2660: 'Broccoli::VulkanSwapchain::createImageView': function does not take 2 arguments
C:\Users\natha\source\repos\Broccoli\Broccoli\src\Broccoli\Platform\Vulkan\VulkanSwapchain.cpp(245,31): message : see declaration of 'Broccoli::VulkanSwapchain::createImageView'
  RendererContext.cpp
C:\Users\natha\source\repos\Broccoli\Broccoli\src\Broccoli\Utilities\VulkanUtilities.hpp(32,29): error C2065: 'VulkanDeviceCollection': undeclared identifier
C:\Users\natha\source\repos\Broccoli\Broccoli\src\Broccoli\Utilities\VulkanUtilities.hpp(32,53): error C2065: 'deviceCollection': undeclared identifier
C:\Users\natha\source\repos\Broccoli\Broccoli\src\Broccoli\Utilities\VulkanUtilities.hpp(32,71): error C2275: 'uint32_t': illegal use of this type as an expression
C:\Program Files (x86)\Microsoft Visual Studio\2019\Enterprise\VC\Tools\MSVC\14.29.30037\include\stdint.h(24): message : see declaration of 'uint32_t'
C:\Users\natha\source\repos\Broccoli\Broccoli\src\Broccoli\Utilities\VulkanUtilities.hpp(32,80): error C2146: syntax error: missing ')' before identifier 'width'
C:\Users\natha\source\repos\Broccoli\Broccoli\src\Broccoli\Utilities\VulkanUtilities.hpp(33,2): error C2143: syntax error: missing ';' before '{'
C:\Users\natha\source\repos\Broccoli\Broccoli\src\Broccoli\Utilities\VulkanUtilities.hpp(33,2): error C2447: '{': missing function header (old-style formal list?)
C:\Users\natha\source\repos\Broccoli\Broccoli\src\Broccoli\Utilities\VulkanUtilities.hpp(102,9): error C2039: 'cout': is not a member of 'std'
C:\Program Files (x86)\Microsoft Visual Studio\2019\Enterprise\VC\Tools\MSVC\14.29.30037\include\stdexcept(20): message : see declaration of 'std'
C:\Users\natha\source\repos\Broccoli\Broccoli\src\Broccoli\Utilities\VulkanUtilities.hpp(102,14): error C2065: 'cout': undeclared identifier
C:\Users\natha\source\repos\Broccoli\Broccoli\src\Broccoli\Platform\Vulkan\VulkanDevice.h(19,24): error C3646: 'physicalDevice': unknown override specifier
C:\Users\natha\source\repos\Broccoli\Broccoli\src\Broccoli\Platform\Vulkan\VulkanDevice.h(19,38): error C4430: missing type specifier - int assumed. Note: C++ does not support default-int
C:\Users\natha\source\repos\Broccoli\Broccoli\src\Broccoli\Platform\Vulkan\VulkanDevice.h(20,23): error C3646: 'logicalDevice': unknown override specifier
C:\Users\natha\source\repos\Broccoli\Broccoli\src\Broccoli\Platform\Vulkan\VulkanDevice.h(20,36): error C4430: missing type specifier - int assumed. Note: C++ does not support default-int
  Generating Code...
